<?xml version="1.0" encoding="UTF-8"?>
<testng-results ignored="0" total="1" passed="1" failed="0" skipped="0">
  <reporter-output>
  </reporter-output>
  <suite started-at="2026-05-22T20:24:57 IST" name="SauceDemoSuite" finished-at="2026-05-22T20:25:05 IST" duration-ms="8148">
    <groups>
    </groups>
    <test started-at="2026-05-22T20:24:57 IST" name="BuyProductTest" finished-at="2026-05-22T20:25:05 IST" duration-ms="8148">
      <class name="tests.BuyProductTest">
        <test-method is-config="true" signature="setup()[pri:0, instance:tests.BuyProductTest@56db847e]" started-at="2026-05-22T20:24:57 IST" name="setup" finished-at="2026-05-22T20:25:03 IST" duration-ms="6047" status="PASS">
          <reporter-output>
          </reporter-output>
        </test-method> <!-- setup -->
        <test-method signature="buyProductTest()[pri:0, instance:tests.BuyProductTest@56db847e]" started-at="2026-05-22T20:25:03 IST" name="buyProductTest" description="Verify user can successfully buy a product" finished-at="2026-05-22T20:25:05 IST" duration-ms="1743" status="PASS">
          <reporter-output>
          </reporter-output>
        </test-method> <!-- buyProductTest -->
        <test-method is-config="true" signature="tearDown()[pri:0, instance:tests.BuyProductTest@56db847e]" started-at="2026-05-22T20:25:05 IST" name="tearDown" finished-at="2026-05-22T20:25:05 IST" duration-ms="315" status="PASS">
          <reporter-output>
          </reporter-output>
        </test-method> <!-- tearDown -->
      </class> <!-- tests.BuyProductTest -->
    </test> <!-- BuyProductTest -->
  </suite> <!-- SauceDemoSuite -->
</testng-results>
