<?xml version="1.0" encoding="UTF-8"?>
<testng-results ignored="0" total="1" passed="1" failed="0" skipped="0">
  <reporter-output>
  </reporter-output>
  <suite started-at="2026-05-25T14:47:36 IST" name="Suite" finished-at="2026-05-25T14:47:45 IST" duration-ms="8584">
    <groups>
    </groups>
    <test started-at="2026-05-25T14:47:36 IST" name="Test" finished-at="2026-05-25T14:47:45 IST" duration-ms="8584">
      <class name="tests.BuyProductTest">
        <test-method is-config="true" signature="setup()[pri:0, instance:tests.BuyProductTest@56db847e]" started-at="2026-05-25T14:47:36 IST" name="setup" finished-at="2026-05-25T14:47:43 IST" duration-ms="6622" status="PASS">
          <reporter-output>
          </reporter-output>
        </test-method> <!-- setup -->
        <test-method signature="buyProductTest()[pri:0, instance:tests.BuyProductTest@56db847e]" started-at="2026-05-25T14:47:43 IST" name="buyProductTest" description="Verify user can successfully buy a product" finished-at="2026-05-25T14:47:45 IST" duration-ms="1575" status="PASS">
          <reporter-output>
          </reporter-output>
        </test-method> <!-- buyProductTest -->
        <test-method is-config="true" signature="tearDown()[pri:0, instance:tests.BuyProductTest@56db847e]" started-at="2026-05-25T14:47:45 IST" name="tearDown" finished-at="2026-05-25T14:47:45 IST" duration-ms="333" status="PASS">
          <reporter-output>
          </reporter-output>
        </test-method> <!-- tearDown -->
      </class> <!-- tests.BuyProductTest -->
    </test> <!-- Test -->
  </suite> <!-- Suite -->
</testng-results>
